<?xml version="1.0" encoding="UTF-8"?>
<robot generator="Robot 7.4.1 (Python 3.11.9 on win32)" generated="2026-01-01T23:19:01.936802" rpa="false" schemaversion="5">
<suite id="s1" name="Lab4 2 2" source="C:\SE_Automation_663380231-4\TestAutomationLab_663380231-4\Test_labAutomation2-2\lab4_2_2.robot">
<test id="s1-t1" name="TC_02_2: Empty Last Name" line="11">
<kw name="Evaluate" owner="BuiltIn">
<msg time="2026-01-01T23:19:02.090109" level="INFO">${options} = &lt;selenium.webdriver.chrome.options.Options object at 0x0000026E3234DF90&gt;</msg>
<var>${options}</var>
<arg>sys.modules['selenium.webdriver'].ChromeOptions()</arg>
<arg>sys</arg>
<doc>Evaluates the given expression in Python and returns the result.</doc>
<status status="PASS" start="2026-01-01T23:19:02.090109" elapsed="0.000000"/>
</kw>
<kw name="Set Variable" owner="BuiltIn">
<msg time="2026-01-01T23:19:02.091066" level="INFO">${options.binary_location} = C:/ChromeForTesting/chrome-win64/chrome-win64/chrome.exe</msg>
<var>${options.binary_location}</var>
<arg>${CHROME_BROWSER_PATH}</arg>
<doc>Returns the given values which can then be assigned to a variables.</doc>
<status status="PASS" start="2026-01-01T23:19:02.091066" elapsed="0.000000"/>
</kw>
<kw name="Evaluate" owner="BuiltIn">
<msg time="2026-01-01T23:19:02.091066" level="INFO">${service} = &lt;selenium.webdriver.chrome.service.Service object at 0x0000026E32356B90&gt;</msg>
<var>${service}</var>
<arg>sys.modules["selenium.webdriver.chrome.service"].Service(executable_path=r"${CHROME_DRIVER_PATH}")</arg>
<arg>sys</arg>
<doc>Evaluates the given expression in Python and returns the result.</doc>
<status status="PASS" start="2026-01-01T23:19:02.091066" elapsed="0.000000"/>
</kw>
<kw name="Create Webdriver" owner="SeleniumLibrary">
<msg time="2026-01-01T23:19:02.092616" level="INFO">Creating an instance of the Chrome WebDriver.</msg>
<arg>Chrome</arg>
<arg>options=${options}</arg>
<arg>service=${service}</arg>
<doc>Creates an instance of Selenium WebDriver.</doc>
<status status="PASS" start="2026-01-01T23:19:02.091066" elapsed="1.015818"/>
</kw>
<kw name="Set Selenium Speed" owner="SeleniumLibrary">
<arg>${delay}</arg>
<doc>Sets the delay that is waited after each Selenium command.</doc>
<status status="PASS" start="2026-01-01T23:19:03.106884" elapsed="0.001000"/>
</kw>
<kw name="Go To" owner="SeleniumLibrary">
<msg time="2026-01-01T23:19:03.107884" level="INFO">Opening url 'http://localhost:7272/TestAutomationLab_663380231-4/StarterFiles/Registration.html'</msg>
<arg>${URL}</arg>
<doc>Navigates the current browser window to the provided ``url``.</doc>
<status status="PASS" start="2026-01-01T23:19:03.107884" elapsed="0.148507"/>
</kw>
<kw name="Input Text" owner="SeleniumLibrary">
<msg time="2026-01-01T23:19:03.256391" level="INFO">Typing text 'Somyod' into text field 'id=firstname'.</msg>
<arg>id=firstname</arg>
<arg>Somyod</arg>
<doc>Types the given ``text`` into the text field identified by ``locator``.</doc>
<status status="PASS" start="2026-01-01T23:19:03.256391" elapsed="0.361942"/>
</kw>
<kw name="Input Text" owner="SeleniumLibrary">
<msg time="2026-01-01T23:19:03.618333" level="INFO">Typing text 'CS KKU' into text field 'id=organization'.</msg>
<arg>id=organization</arg>
<arg>CS KKU</arg>
<doc>Types the given ``text`` into the text field identified by ``locator``.</doc>
<status status="PASS" start="2026-01-01T23:19:03.618333" elapsed="0.346308"/>
</kw>
<kw name="Input Text" owner="SeleniumLibrary">
<msg time="2026-01-01T23:19:03.965144" level="INFO">Typing text 'somyod@kkumail.com' into text field 'id=email'.</msg>
<arg>id=email</arg>
<arg>somyod@kkumail.com</arg>
<doc>Types the given ``text`` into the text field identified by ``locator``.</doc>
<status status="PASS" start="2026-01-01T23:19:03.964641" elapsed="0.368916"/>
</kw>
<kw name="Input Text" owner="SeleniumLibrary">
<msg time="2026-01-01T23:19:04.334118" level="INFO">Typing text '091-001-1234' into text field 'id=phone'.</msg>
<arg>id=phone</arg>
<arg>091-001-1234</arg>
<doc>Types the given ``text`` into the text field identified by ``locator``.</doc>
<status status="PASS" start="2026-01-01T23:19:04.334118" elapsed="0.347932"/>
</kw>
<kw name="Click Button" owner="SeleniumLibrary">
<msg time="2026-01-01T23:19:04.682050" level="INFO">Clicking button 'id=registerButton'.</msg>
<arg>id=registerButton</arg>
<doc>Clicks the button identified by ``locator``.</doc>
<status status="PASS" start="2026-01-01T23:19:04.682050" elapsed="0.353990"/>
</kw>
<kw name="Page Should Contain" owner="SeleniumLibrary">
<msg time="2026-01-01T23:19:05.245392" level="INFO">Current page contains text 'Please enter your last name!!'.</msg>
<arg>Please enter your last name!!</arg>
<doc>Verifies that current page contains ``text``.</doc>
<status status="PASS" start="2026-01-01T23:19:05.036040" elapsed="0.209352"/>
</kw>
<kw name="Capture Page Screenshot" owner="SeleniumLibrary">
<msg time="2026-01-01T23:19:05.441346" level="INFO" html="true">&lt;/td&gt;&lt;/tr&gt;&lt;tr&gt;&lt;td colspan="3"&gt;&lt;a href="lab4_2_2_TC_02_2.png"&gt;&lt;img src="lab4_2_2_TC_02_2.png" width="800px"&gt;&lt;/a&gt;</msg>
<arg>lab4_2_2_TC_02_2.png</arg>
<doc>Takes a screenshot of the current page and embeds it into a log file.</doc>
<status status="PASS" start="2026-01-01T23:19:05.245392" elapsed="0.195954"/>
</kw>
<kw name="Close Browser" owner="SeleniumLibrary">
<doc>Closes the current browser.</doc>
<status status="PASS" start="2026-01-01T23:19:05.441346" elapsed="2.333792"/>
</kw>
<status status="PASS" start="2026-01-01T23:19:02.089066" elapsed="5.686072"/>
</test>
<status status="PASS" start="2026-01-01T23:19:01.937800" elapsed="5.838339"/>
</suite>
<statistics>
<total>
<stat pass="1" fail="0" skip="0">All Tests</stat>
</total>
<tag>
</tag>
<suite>
<stat name="Lab4 2 2" id="s1" pass="1" fail="0" skip="0">Lab4 2 2</stat>
</suite>
</statistics>
<errors>
</errors>
</robot>
